[debug] [2018-07-19T09:30:37.100Z] ----------------------------------------------------------------------
[debug] [2018-07-19T09:30:37.107Z] Command:       /usr/local/bin/node /usr/local/bin/firebase serve
[debug] [2018-07-19T09:30:37.108Z] CLI Version:   3.19.1
[debug] [2018-07-19T09:30:37.108Z] Platform:      darwin
[debug] [2018-07-19T09:30:37.108Z] Node Version:  v6.11.3
[debug] [2018-07-19T09:30:37.109Z] Time:          Thu Jul 19 2018 02:30:37 GMT-0700 (PDT)
[debug] [2018-07-19T09:30:37.109Z] ----------------------------------------------------------------------
[debug] 
[debug] [2018-07-19T09:30:37.148Z] > command requires scopes: ["email","openid","https://www.googleapis.com/auth/cloudplatformprojects.readonly","https://www.googleapis.com/auth/firebase","https://www.googleapis.com/auth/cloud-platform"]
[debug] [2018-07-19T09:30:37.148Z] > authorizing via signed-in user
[debug] [2018-07-19T09:30:37.153Z] >>> HTTP REQUEST GET https://admin.firebase.com/v1/projects/frbox-95742  
  
 Thu Jul 19 2018 02:30:37 GMT-0700 (PDT)
[debug] [2018-07-19T09:30:37.583Z] <<< HTTP RESPONSE 200
[debug] [2018-07-19T09:30:37.585Z] >>> HTTP REQUEST GET https://admin.firebase.com/v1/database/frbox-95742/tokens  
  
 Thu Jul 19 2018 02:30:37 GMT-0700 (PDT)
[debug] [2018-07-19T09:30:38.098Z] <<< HTTP RESPONSE 200
[debug] [2018-07-19T09:30:38.099Z] >>> HTTP REQUEST GET https://cloudresourcemanager.googleapis.com/v1/projects/frbox-95742  
  
 Thu Jul 19 2018 02:30:38 GMT-0700 (PDT)
[debug] [2018-07-19T09:30:38.436Z] <<< HTTP RESPONSE 200
[info] 
[info] === Serving from '/Users/maryregeenab/MaryWork/familyRecipesBox'...
[info] 
[debug] [2018-07-19T09:30:38.440Z] >>> HTTP REQUEST GET https://mobilesdk-pa.googleapis.com/v1/projects/631164592713/clients/_:getWebAppConfig  
  
 Thu Jul 19 2018 02:30:38 GMT-0700 (PDT)
[debug] [2018-07-19T09:30:38.745Z] <<< HTTP RESPONSE 200
[info] i  hosting: Serving hosting files from: public
[info] ✔  hosting: Local server: http://localhost:5000

